# JRE version: Java(TM) SE Runtime Environment (8.0_202-b08) (build 1.8.0_202-b08)
# Java VM: Java HotSpot(TM) 64-Bit Server VM (25.202-b08 mixed mode linux-amd64 compressed oops)
Heap:
 PSYoungGen      total 260608K, used 10750K [0x00000000d7f80000, 0x00000000e8880000, 0x0000000100000000)
  eden space 249856K, 0% used [0x00000000d7f80000,0x00000000d7f80000,0x00000000e7380000)
  from space 10752K, 99% used [0x00000000e7380000,0x00000000e7dffb08,0x00000000e7e00000)
  to   space 10752K, 0% used [0x00000000e7e00000,0x00000000e7e00000,0x00000000e8880000)
 ParOldGen       total 83456K, used 23876K [0x0000000087e00000, 0x000000008cf80000, 0x00000000d7f80000)
  object space 83456K, 28% used [0x0000000087e00000,0x0000000089551148,0x000000008cf80000)
 Metaspace       used 11195K, capacity 11384K, committed 11520K, reserved 1058816K
  class space    used 1217K, capacity 1268K, committed 1280K, reserved 1048576K
GC Heap History (10 events):
Event: 3.352 GC heap after
Heap after GC invocations=4 (full 0):
 PSYoungGen      total 67584K, used 5120K [0x00000000d7f80000, 0x00000000dc680000, 0x0000000100000000)
  eden space 62464K, 0% used [0x00000000d7f80000,0x00000000d7f80000,0x00000000dbc80000)
  from space 5120K, 100% used [0x00000000dc180000,0x00000000dc680000,0x00000000dc680000)
  to   space 5120K, 0% used [0x00000000dbc80000,0x00000000dbc80000,0x00000000dc180000)
 ParOldGen       total 83456K, used 9438K [0x0000000087e00000, 0x000000008cf80000, 0x00000000d7f80000)
  object space 83456K, 11% used [0x0000000087e00000,0x0000000088737b70,0x000000008cf80000)
 Metaspace       used 11174K, capacity 11320K, committed 11520K, reserved 1058816K
  class space    used 1217K, capacity 1268K, committed 1280K, reserved 1048576K
}
Event: 3.502 GC heap before
{Heap before GC invocations=5 (full 0):
 PSYoungGen      total 67584K, used 67584K [0x00000000d7f80000, 0x00000000dc680000, 0x0000000100000000)
  eden space 62464K, 100% used [0x00000000d7f80000,0x00000000dbc80000,0x00000000dbc80000)
  from space 5120K, 100% used [0x00000000dc180000,0x00000000dc680000,0x00000000dc680000)
  to   space 5120K, 0% used [0x00000000dbc80000,0x00000000dbc80000,0x00000000dc180000)
 ParOldGen       total 83456K, used 9438K [0x0000000087e00000, 0x000000008cf80000, 0x00000000d7f80000)
  object space 83456K, 11% used [0x0000000087e00000,0x0000000088737b70,0x000000008cf80000)
 Metaspace       used 11175K, capacity 11320K, committed 11520K, reserved 1058816K
  class space    used 1217K, capacity 1268K, committed 1280K, reserved 1048576K
Event: 3.511 GC heap after
Heap after GC invocations=5 (full 0):
 PSYoungGen      total 67584K, used 5117K [0x00000000d7f80000, 0x00000000e0e80000, 0x0000000100000000)
  eden space 62464K, 0% used [0x00000000d7f80000,0x00000000d7f80000,0x00000000dbc80000)
  from space 5120K, 99% used [0x00000000dbc80000,0x00000000dc17f5b8,0x00000000dc180000)
  to   space 10752K, 0% used [0x00000000e0400000,0x00000000e0400000,0x00000000e0e80000)
 ParOldGen       total 83456K, used 10544K [0x0000000087e00000, 0x000000008cf80000, 0x00000000d7f80000)
  object space 83456K, 12% used [0x0000000087e00000,0x000000008884c2a8,0x000000008cf80000)
 Metaspace       used 11175K, capacity 11320K, committed 11520K, reserved 1058816K
  class space    used 1217K, capacity 1268K, committed 1280K, reserved 1048576K
}
Event: 3.623 GC heap before
{Heap before GC invocations=6 (full 0):
 PSYoungGen      total 67584K, used 67581K [0x00000000d7f80000, 0x00000000e0e80000, 0x0000000100000000)
  eden space 62464K, 100% used [0x00000000d7f80000,0x00000000dbc80000,0x00000000dbc80000)
  from space 5120K, 99% used [0x00000000dbc80000,0x00000000dc17f5b8,0x00000000dc180000)
  to   space 10752K, 0% used [0x00000000e0400000,0x00000000e0400000,0x00000000e0e80000)
 ParOldGen       total 83456K, used 10544K [0x0000000087e00000, 0x000000008cf80000, 0x00000000d7f80000)
  object space 83456K, 12% used [0x0000000087e00000,0x000000008884c2a8,0x000000008cf80000)
 Metaspace       used 11176K, capacity 11320K, committed 11520K, reserved 1058816K
  class space    used 1217K, capacity 1268K, committed 1280K, reserved 1048576K
Event: 3.631 GC heap after
Heap after GC invocations=6 (full 0):
 PSYoungGen      total 134656K, used 5456K [0x00000000d7f80000, 0x00000000e0d80000, 0x0000000100000000)
  eden space 124928K, 0% used [0x00000000d7f80000,0x00000000d7f80000,0x00000000df980000)
  from space 9728K, 56% used [0x00000000e0400000,0x00000000e0954010,0x00000000e0d80000)
  to   space 10240K, 0% used [0x00000000df980000,0x00000000df980000,0x00000000e0380000)
 ParOldGen       total 83456K, used 10552K [0x0000000087e00000, 0x000000008cf80000, 0x00000000d7f80000)
  object space 83456K, 12% used [0x0000000087e00000,0x000000008884e2a8,0x000000008cf80000)
 Metaspace       used 11176K, capacity 11320K, committed 11520K, reserved 1058816K
  class space    used 1217K, capacity 1268K, committed 1280K, reserved 1048576K
}
Event: 3.897 GC heap before
{Heap before GC invocations=7 (full 0):
 PSYoungGen      total 134656K, used 130384K [0x00000000d7f80000, 0x00000000e0d80000, 0x0000000100000000)
  eden space 124928K, 100% used [0x00000000d7f80000,0x00000000df980000,0x00000000df980000)
  from space 9728K, 56% used [0x00000000e0400000,0x00000000e0954010,0x00000000e0d80000)
  to   space 10240K, 0% used [0x00000000df980000,0x00000000df980000,0x00000000e0380000)
 ParOldGen       total 83456K, used 10552K [0x0000000087e00000, 0x000000008cf80000, 0x00000000d7f80000)
  object space 83456K, 12% used [0x0000000087e00000,0x000000008884e2a8,0x000000008cf80000)
 Metaspace       used 11179K, capacity 11320K, committed 11520K, reserved 1058816K
  class space    used 1217K, capacity 1268K, committed 1280K, reserved 1048576K
Event: 3.907 GC heap after
Heap after GC invocations=7 (full 0):
 PSYoungGen      total 135168K, used 2720K [0x00000000d7f80000, 0x00000000e8880000, 0x0000000100000000)
  eden space 124928K, 0% used [0x00000000d7f80000,0x00000000d7f80000,0x00000000df980000)
  from space 10240K, 26% used [0x00000000df980000,0x00000000dfc28010,0x00000000e0380000)
  to   space 10752K, 0% used [0x00000000e7e00000,0x00000000e7e00000,0x00000000e8880000)
 ParOldGen       total 83456K, used 14419K [0x0000000087e00000, 0x000000008cf80000, 0x00000000d7f80000)
  object space 83456K, 17% used [0x0000000087e00000,0x0000000088c14dd0,0x000000008cf80000)
 Metaspace       used 11179K, capacity 11320K, committed 11520K, reserved 1058816K
  class space    used 1217K, capacity 1268K, committed 1280K, reserved 1048576K
}
Event: 4.100 GC heap before
{Heap before GC invocations=8 (full 0):
 PSYoungGen      total 135168K, used 127648K [0x00000000d7f80000, 0x00000000e8880000, 0x0000000100000000)
  eden space 124928K, 100% used [0x00000000d7f80000,0x00000000df980000,0x00000000df980000)
  from space 10240K, 26% used [0x00000000df980000,0x00000000dfc28010,0x00000000e0380000)
  to   space 10752K, 0% used [0x00000000e7e00000,0x00000000e7e00000,0x00000000e8880000)
 ParOldGen       total 83456K, used 14419K [0x0000000087e00000, 0x000000008cf80000, 0x00000000d7f80000)
  object space 83456K, 17% used [0x0000000087e00000,0x0000000088c14dd0,0x000000008cf80000)
 Metaspace       used 11180K, capacity 11320K, committed 11520K, reserved 1058816K
  class space    used 1217K, capacity 1268K, committed 1280K, reserved 1048576K
Event: 4.106 GC heap after
Heap after GC invocations=8 (full 0):
 PSYoungGen      total 260608K, used 3136K [0x00000000d7f80000, 0x00000000e8880000, 0x0000000100000000)
  eden space 249856K, 0% used [0x00000000d7f80000,0x00000000d7f80000,0x00000000e7380000)
  from space 10752K, 29% used [0x00000000e7e00000,0x00000000e8110010,0x00000000e8880000)
  to   space 10752K, 0% used [0x00000000e7380000,0x00000000e7380000,0x00000000e7e00000)
 ParOldGen       total 83456K, used 14819K [0x0000000087e00000, 0x000000008cf80000, 0x00000000d7f80000)
  object space 83456K, 17% used [0x0000000087e00000,0x0000000088c78dd0,0x000000008cf80000)
 Metaspace       used 11180K, capacity 11320K, committed 11520K, reserved 1058816K
  class space    used 1217K, capacity 1268K, committed 1280K, reserved 1048576K
}
Event: 4.690 GC heap before
{Heap before GC invocations=9 (full 0):
 PSYoungGen      total 260608K, used 252992K [0x00000000d7f80000, 0x00000000e8880000, 0x0000000100000000)
  eden space 249856K, 100% used [0x00000000d7f80000,0x00000000e7380000,0x00000000e7380000)
  from space 10752K, 29% used [0x00000000e7e00000,0x00000000e8110010,0x00000000e8880000)
  to   space 10752K, 0% used [0x00000000e7380000,0x00000000e7380000,0x00000000e7e00000)
 ParOldGen       total 83456K, used 14819K [0x0000000087e00000, 0x000000008cf80000, 0x00000000d7f80000)
  object space 83456K, 17% used [0x0000000087e00000,0x0000000088c78dd0,0x000000008cf80000)
 Metaspace       used 11195K, capacity 11384K, committed 11520K, reserved 1058816K
  class space    used 1217K, capacity 1268K, committed 1280K, reserved 1048576K

